<?xml version="1.0" encoding="UTF-8"?>
<testsuite xmlns:xsi="http://www.w3.org/2001/XMLSchema-instance" xsi:noNamespaceSchemaLocation="https://maven.apache.org/surefire/maven-surefire-plugin/xsd/surefire-test-report.xsd" name="com.qa.junit.testcases.ShopGroceryTest" time="73.544" tests="2" errors="0" skipped="0" failures="1">
  <properties>
[...]
</properties>
  <testcase name="validateShopGroceryTitleTest" classname="com.qa.junit.testcases.ShopGroceryTest" time="39.66">
    <failure message="expected: &lt;Walmart Grocery Delivery &amp; Pickup: Order Groceries online | Walmart Canada&gt; but was: &lt;Walmart Grocery Delivery &amp;amp; Pickup: Order Groceries online | Walmart Canada&gt;" type="org.opentest4j.AssertionFailedError"><![CDATA[org.opentest4j.AssertionFailedError: expected: <Walmart Grocery Delivery & Pickup: Order Groceries online | Walmart Canada> but was: <Walmart Grocery Delivery &amp; Pickup: Order Groceries online | Walmart Canada>
	at com.qa.junit.testcases.ShopGroceryTest.validateShopGroceryTitleTest(ShopGroceryTest.java:37)
]]></failure>
    <system-out><![CDATA[10:45:07.057 [main] INFO com.qa.junit.testcases.TestResultLogger - Test Failed for test ShopGrocery Title: 
]]></system-out>
    <system-err><![CDATA[1611848668177	geckodriver	INFO	Listening on 127.0.0.1:28202
1611848668716	mozrunner::runner	INFO	Running command: "C:\\Program Files\\Mozilla Firefox\\firefox.exe" "--marionette" "-foreground" "-no-remote" "-profile" "C:\\Users\\PRIYAN~1\\AppData\\Local\\Temp\\rust_mozprofileyThEws"
Can't find symbol 'eglSwapBuffersWithDamageEXT'.
Can't find symbol 'eglSetDamageRegionKHR'.
JavaScript error: resource://gre/modules/XULStore.jsm, line 66: Error: Can't find profile directory.
console.warn: SearchSettings: "get: No settings file exists, new profile?" (new Error("", "(unknown module)"))
1611848674415	Marionette	INFO	Listening on port 50483
1611848674595	Marionette	WARN	TLS certificate errors will be ignored for this session
Jan 28, 2021 10:44:34 AM org.openqa.selenium.remote.ProtocolHandshake createSession
INFO: Detected dialect: W3C
1611848690854	Marionette	WARN	Ignoring event 'DOMContentLoaded' because document has an invalid readyState of 'complete'.
1611848703832	Marionette	INFO	Stopped listening on port 50483
JavaScript error: , line 0: uncaught exception: undefined

###!!! [Child][RunMessage] Error: Channel closing: too late to send/recv, messages will be lost

]]></system-err>
  </testcase>
  <testcase name="validateGroceryOptionsTest" classname="com.qa.junit.testcases.ShopGroceryTest" time="33.876"/>
</testsuite>